# JRE version: OpenJDK Runtime Environment (8.0_212-b04) (build 1.8.0_212-release-1586-b04)
# Java VM: OpenJDK 64-Bit Server VM (25.212-b04 mixed mode windows-amd64 compressed oops)
Heap:
 PSYoungGen      total 70656K, used 31703K [0x00000000d6200000, 0x00000000dec00000, 0x0000000100000000)
  eden space 65536K, 48% used [0x00000000d6200000,0x00000000d80f5d88,0x00000000da200000)
  from space 5120K, 0% used [0x00000000da200000,0x00000000da200000,0x00000000da700000)
  to   space 5120K, 0% used [0x00000000de700000,0x00000000de700000,0x00000000dec00000)
 ParOldGen       total 65024K, used 9139K [0x0000000082600000, 0x0000000086580000, 0x00000000d6200000)
  object space 65024K, 14% used [0x0000000082600000,0x0000000082eecff0,0x0000000086580000)
 Metaspace       used 24573K, capacity 25006K, committed 25136K, reserved 1071104K
  class space    used 2948K, capacity 3090K, committed 3120K, reserved 1048576K
GC Heap History (8 events):
Event: 0.399 GC heap before
{Heap before GC invocations=1 (full 0):
 PSYoungGen      total 37888K, used 32768K [0x00000000d6200000, 0x00000000d8c00000, 0x0000000100000000)
  eden space 32768K, 100% used [0x00000000d6200000,0x00000000d8200000,0x00000000d8200000)
  from space 5120K, 0% used [0x00000000d8700000,0x00000000d8700000,0x00000000d8c00000)
  to   space 5120K, 0% used [0x00000000d8200000,0x00000000d8200000,0x00000000d8700000)
 ParOldGen       total 86016K, used 0K [0x0000000082600000, 0x0000000087a00000, 0x00000000d6200000)
  object space 86016K, 0% used [0x0000000082600000,0x0000000082600000,0x0000000087a00000)
 Metaspace       used 9882K, capacity 10156K, committed 10496K, reserved 1058816K
  class space    used 1090K, capacity 1180K, committed 1280K, reserved 1048576K
Event: 0.404 GC heap after
Heap after GC invocations=1 (full 0):
 PSYoungGen      total 37888K, used 5094K [0x00000000d6200000, 0x00000000dac00000, 0x0000000100000000)
  eden space 32768K, 0% used [0x00000000d6200000,0x00000000d6200000,0x00000000d8200000)
  from space 5120K, 99% used [0x00000000d8200000,0x00000000d86f98b8,0x00000000d8700000)
  to   space 5120K, 0% used [0x00000000da700000,0x00000000da700000,0x00000000dac00000)
 ParOldGen       total 86016K, used 2595K [0x0000000082600000, 0x0000000087a00000, 0x00000000d6200000)
  object space 86016K, 3% used [0x0000000082600000,0x0000000082888e80,0x0000000087a00000)
 Metaspace       used 9882K, capacity 10156K, committed 10496K, reserved 1058816K
  class space    used 1090K, capacity 1180K, committed 1280K, reserved 1048576K
}
Event: 0.694 GC heap before
{Heap before GC invocations=2 (full 0):
 PSYoungGen      total 37888K, used 37862K [0x00000000d6200000, 0x00000000dac00000, 0x0000000100000000)
  eden space 32768K, 100% used [0x00000000d6200000,0x00000000d8200000,0x00000000d8200000)
  from space 5120K, 99% used [0x00000000d8200000,0x00000000d86f98b8,0x00000000d8700000)
  to   space 5120K, 0% used [0x00000000da700000,0x00000000da700000,0x00000000dac00000)
 ParOldGen       total 86016K, used 2595K [0x0000000082600000, 0x0000000087a00000, 0x00000000d6200000)
  object space 86016K, 3% used [0x0000000082600000,0x0000000082888e80,0x0000000087a00000)
 Metaspace       used 15767K, capacity 16070K, committed 16256K, reserved 1062912K
  class space    used 1832K, capacity 1913K, committed 1920K, reserved 1048576K
Event: 0.700 GC heap after
Heap after GC invocations=2 (full 0):
 PSYoungGen      total 70656K, used 5088K [0x00000000d6200000, 0x00000000dac00000, 0x0000000100000000)
  eden space 65536K, 0% used [0x00000000d6200000,0x00000000d6200000,0x00000000da200000)
  from space 5120K, 99% used [0x00000000da700000,0x00000000dabf8020,0x00000000dac00000)
  to   space 5120K, 0% used [0x00000000da200000,0x00000000da200000,0x00000000da700000)
 ParOldGen       total 86016K, used 7556K [0x0000000082600000, 0x0000000087a00000, 0x00000000d6200000)
  object space 86016K, 8% used [0x0000000082600000,0x0000000082d61108,0x0000000087a00000)
 Metaspace       used 15767K, capacity 16070K, committed 16256K, reserved 1062912K
  class space    used 1832K, capacity 1913K, committed 1920K, reserved 1048576K
}
Event: 0.877 GC heap before
{Heap before GC invocations=3 (full 0):
 PSYoungGen      total 70656K, used 25045K [0x00000000d6200000, 0x00000000dac00000, 0x0000000100000000)
  eden space 65536K, 30% used [0x00000000d6200000,0x00000000d757d6f0,0x00000000da200000)
  from space 5120K, 99% used [0x00000000da700000,0x00000000dabf8020,0x00000000dac00000)
  to   space 5120K, 0% used [0x00000000da200000,0x00000000da200000,0x00000000da700000)
 ParOldGen       total 86016K, used 7556K [0x0000000082600000, 0x0000000087a00000, 0x00000000d6200000)
  object space 86016K, 8% used [0x0000000082600000,0x0000000082d61108,0x0000000087a00000)
 Metaspace       used 20776K, capacity 21186K, committed 21296K, reserved 1069056K
  class space    used 2455K, capacity 2593K, committed 2608K, reserved 1048576K
Event: 0.883 GC heap after
Heap after GC invocations=3 (full 0):
 PSYoungGen      total 70656K, used 5104K [0x00000000d6200000, 0x00000000dec00000, 0x0000000100000000)
  eden space 65536K, 0% used [0x00000000d6200000,0x00000000d6200000,0x00000000da200000)
  from space 5120K, 99% used [0x00000000da200000,0x00000000da6fc040,0x00000000da700000)
  to   space 5120K, 0% used [0x00000000de700000,0x00000000de700000,0x00000000dec00000)
 ParOldGen       total 86016K, used 11758K [0x0000000082600000, 0x0000000087a00000, 0x00000000d6200000)
  object space 86016K, 13% used [0x0000000082600000,0x000000008317bbf8,0x0000000087a00000)
 Metaspace       used 20776K, capacity 21186K, committed 21296K, reserved 1069056K
  class space    used 2455K, capacity 2593K, committed 2608K, reserved 1048576K
}
Event: 0.883 GC heap before
{Heap before GC invocations=4 (full 1):
 PSYoungGen      total 70656K, used 5104K [0x00000000d6200000, 0x00000000dec00000, 0x0000000100000000)
  eden space 65536K, 0% used [0x00000000d6200000,0x00000000d6200000,0x00000000da200000)
  from space 5120K, 99% used [0x00000000da200000,0x00000000da6fc040,0x00000000da700000)
  to   space 5120K, 0% used [0x00000000de700000,0x00000000de700000,0x00000000dec00000)
 ParOldGen       total 86016K, used 11758K [0x0000000082600000, 0x0000000087a00000, 0x00000000d6200000)
  object space 86016K, 13% used [0x0000000082600000,0x000000008317bbf8,0x0000000087a00000)
 Metaspace       used 20776K, capacity 21186K, committed 21296K, reserved 1069056K
  class space    used 2455K, capacity 2593K, committed 2608K, reserved 1048576K
Event: 0.905 GC heap after
Heap after GC invocations=4 (full 1):
 PSYoungGen      total 70656K, used 0K [0x00000000d6200000, 0x00000000dec00000, 0x0000000100000000)
  eden space 65536K, 0% used [0x00000000d6200000,0x00000000d6200000,0x00000000da200000)
  from space 5120K, 0% used [0x00000000da200000,0x00000000da200000,0x00000000da700000)
  to   space 5120K, 0% used [0x00000000de700000,0x00000000de700000,0x00000000dec00000)
 ParOldGen       total 65024K, used 9139K [0x0000000082600000, 0x0000000086580000, 0x00000000d6200000)
  object space 65024K, 14% used [0x0000000082600000,0x0000000082eecff0,0x0000000086580000)
 Metaspace       used 20776K, capacity 21186K, committed 21296K, reserved 1069056K
  class space    used 2455K, capacity 2593K, committed 2608K, reserved 1048576K
}

